<?xml version="1.0" encoding="UTF-8"?>
<!-- Generated by org.testng.reporters.JUnitReportReporter -->
<testsuite hostname="LAPTOP-G3RLSTPP" failures="0" tests="1" name="UserManagement.builderPatternImplementation" time="0.227" errors="0" timestamp="2023-11-17T15:02:13 IST" skipped="0">
  <testcase classname="UserManagement.builderPatternImplementation" name="testRestAssuredWithBuilderPattern" time="0.227"/>
  <system-out/>
</testsuite> <!-- UserManagement.builderPatternImplementation -->
