<?xml version="1.0" encoding="UTF-8"?>
<!-- Generated by org.testng.reporters.JUnitReportReporter -->
<testsuite hostname="LAPTOP-G3RLSTPP" failures="0" tests="1" name="UserManagement.PostUsers" time="1.566" errors="0" timestamp="2023-11-04T22:33:36 IST" skipped="0">
  <testcase classname="UserManagement.PostUsers" name="validatePostWithResponsePOJOAsListObject" time="1.566"/>
  <system-out/>
</testsuite> <!-- UserManagement.PostUsers -->
