<?xml version="1.0" encoding="UTF-8"?>
<!-- Generated by org.testng.reporters.JUnitReportReporter -->
<testsuite hostname="LAPTOP-G3RLSTPP" failures="0" tests="1" name="UserManagement.getUsers" time="1.621" errors="0" timestamp="2023-11-14T14:33:09 IST" skipped="0">
  <testcase classname="UserManagement.getUsers" name="validateResponseHasItems" time="1.621"/>
  <system-out/>
</testsuite> <!-- UserManagement.getUsers -->
