<?xml version="1.0" encoding="UTF-8"?>
<!-- Generated by org.testng.reporters.JUnitReportReporter -->
<testsuite hostname="LAPTOP-G3RLSTPP" failures="0" tests="1" name="UserManagement.builderPatternImplementation$RestAssuredNormalApproachTest" time="1.819" errors="0" timestamp="2023-11-17T15:02:13 IST" skipped="0">
  <testcase classname="UserManagement.builderPatternImplementation$RestAssuredNormalApproachTest" name="testRestAssuredNormalApproach" time="1.819"/>
  <system-out/>
</testsuite> <!-- UserManagement.builderPatternImplementation$RestAssuredNormalApproachTest -->
