<?xml version="1.0" encoding="UTF-8"?>
<!-- Generated by org.testng.reporters.JUnitReportReporter -->
<testsuite hostname="LAPTOP-G3RLSTPP" failures="0" tests="1" name="UserManagement.getErgast" time="1.289" errors="0" timestamp="2023-10-26T14:12:18 IST" skipped="0">
  <testcase classname="UserManagement.getErgast" name="validateResponseBodyGetPathParam" time="1.289"/>
  <system-out/>
</testsuite> <!-- UserManagement.getErgast -->
