<?xml version="1.0" encoding="UTF-8"?>
<!-- Generated by org.testng.reporters.JUnitReportReporter -->
<testsuite hostname="LAPTOP-G3RLSTPP" failures="0" tests="1" name="UserManagement.getPostmanEcho" time="2.077" errors="0" timestamp="2023-10-22T14:52:16 IST" skipped="0">
  <testcase classname="UserManagement.getPostmanEcho" name="validateResponseBodyGetDigestAuth" time="2.077"/>
  <system-out/>
</testsuite> <!-- UserManagement.getPostmanEcho -->
